<?xml version="1.0" encoding="UTF-8"?>
<!-- Generated by org.testng.reporters.JUnitReportReporter -->
<testsuite skipped="0" hostname="LAPTOP-IUL4BSF7" name="petstore_testCases.TC_PetStoreAPI" tests="4" failures="0" timestamp="2021-01-30T13:09:57 IST" time="15.271" errors="0">
  <testcase name="test_getAvailablePets" time="4.213" classname="petstore_testCases.TC_PetStoreAPI"/>
  <testcase name="test_postNewPet" time="5.856" classname="petstore_testCases.TC_PetStoreAPI"/>
  <testcase name="test_putStatusUpdate" time="1.507" classname="petstore_testCases.TC_PetStoreAPI"/>
  <testcase name="test_deletePet" time="3.695" classname="petstore_testCases.TC_PetStoreAPI"/>
</testsuite> <!-- petstore_testCases.TC_PetStoreAPI -->
